<?xml version="1.0" encoding="UTF-8"?>
<testng-results skipped="0" failed="1" total="8" passed="7">
  <reporter-output>
  </reporter-output>
  <suite name="Suite" duration-ms="83056" started-at="2018-09-05T18:53:03Z" finished-at="2018-09-05T18:54:26Z">
    <groups>
    </groups>
    <test name="Test" duration-ms="83056" started-at="2018-09-05T18:53:03Z" finished-at="2018-09-05T18:54:26Z">
      <class name="com.acti.Testcases.TestValidateLoginFromExcel">
        <test-method status="PASS" signature="precondition()[pri:0, instance:com.acti.Testcases.TestValidateLoginFromExcel@1a968a59]" name="precondition" is-config="true" duration-ms="7483" started-at="2018-09-05T14:53:03Z" finished-at="2018-09-05T14:53:11Z">
          <reporter-output>
          </reporter-output>
        </test-method> <!-- precondition -->
        <test-method status="PASS" signature="testLoginFunctioanlity(java.lang.String, java.lang.String)[pri:0, instance:com.acti.Testcases.TestValidateLoginFromExcel@1a968a59]" name="testLoginFunctioanlity" duration-ms="3251" started-at="2018-09-05T14:53:11Z" data-provider="MSLogin" finished-at="2018-09-05T14:53:14Z">
          <params>
            <param index="0">
              <value>
                <![CDATA[dummytest@gmail.com]]>
              </value>
            </param>
            <param index="1">
              <value>
                <![CDATA[Pass@123]]>
              </value>
            </param>
          </params>
          <reporter-output>
          </reporter-output>
        </test-method> <!-- testLoginFunctioanlity -->
        <test-method status="PASS" signature="tearDown(org.testng.ITestResult)[pri:0, instance:com.acti.Testcases.TestValidateLoginFromExcel@1a968a59]" name="tearDown" is-config="true" duration-ms="332" started-at="2018-09-05T14:53:14Z" finished-at="2018-09-05T14:53:14Z">
          <params>
            <param index="0">
              <value>
                <![CDATA[[TestResult name=testLoginFunctioanlity status=SUCCESS method=TestValidateLoginFromExcel.testLoginFunctioanlity(java.lang.String, java.lang.String)[pri:0, instance:com.acti.Testcases.TestValidateLoginFromExcel@1a968a59] output={null}]]]>
              </value>
            </param>
          </params>
          <reporter-output>
          </reporter-output>
        </test-method> <!-- tearDown -->
        <test-method status="PASS" signature="precondition()[pri:0, instance:com.acti.Testcases.TestValidateLoginFromExcel@1a968a59]" name="precondition" is-config="true" duration-ms="6856" started-at="2018-09-05T14:53:14Z" finished-at="2018-09-05T14:53:21Z">
          <reporter-output>
          </reporter-output>
        </test-method> <!-- precondition -->
        <test-method status="PASS" signature="testLoginFunctioanlity(java.lang.String, java.lang.String)[pri:0, instance:com.acti.Testcases.TestValidateLoginFromExcel@1a968a59]" name="testLoginFunctioanlity" duration-ms="3499" started-at="2018-09-05T14:53:21Z" data-provider="MSLogin" finished-at="2018-09-05T14:53:25Z">
          <params>
            <param index="0">
              <value>
                <![CDATA[dummytest@gmail.com]]>
              </value>
            </param>
            <param index="1">
              <value>
                <![CDATA[Pass@123]]>
              </value>
            </param>
          </params>
          <reporter-output>
          </reporter-output>
        </test-method> <!-- testLoginFunctioanlity -->
        <test-method status="PASS" signature="tearDown(org.testng.ITestResult)[pri:0, instance:com.acti.Testcases.TestValidateLoginFromExcel@1a968a59]" name="tearDown" is-config="true" duration-ms="65" started-at="2018-09-05T14:53:25Z" finished-at="2018-09-05T14:53:25Z">
          <params>
            <param index="0">
              <value>
                <![CDATA[[TestResult name=testLoginFunctioanlity status=SUCCESS method=TestValidateLoginFromExcel.testLoginFunctioanlity(java.lang.String, java.lang.String)[pri:0, instance:com.acti.Testcases.TestValidateLoginFromExcel@1a968a59] output={null}]]]>
              </value>
            </param>
          </params>
          <reporter-output>
          </reporter-output>
        </test-method> <!-- tearDown -->
        <test-method status="PASS" signature="precondition()[pri:0, instance:com.acti.Testcases.TestValidateLoginFromExcel@1a968a59]" name="precondition" is-config="true" duration-ms="6768" started-at="2018-09-05T14:53:25Z" finished-at="2018-09-05T14:53:31Z">
          <reporter-output>
          </reporter-output>
        </test-method> <!-- precondition -->
        <test-method status="PASS" signature="testLoginFunctioanlity(java.lang.String, java.lang.String)[pri:0, instance:com.acti.Testcases.TestValidateLoginFromExcel@1a968a59]" name="testLoginFunctioanlity" duration-ms="3214" started-at="2018-09-05T14:53:31Z" data-provider="MSLogin" finished-at="2018-09-05T14:53:35Z">
          <params>
            <param index="0">
              <value>
                <![CDATA[dummytest@gmail.com]]>
              </value>
            </param>
            <param index="1">
              <value>
                <![CDATA[Pass@123]]>
              </value>
            </param>
          </params>
          <reporter-output>
          </reporter-output>
        </test-method> <!-- testLoginFunctioanlity -->
        <test-method status="PASS" signature="tearDown(org.testng.ITestResult)[pri:0, instance:com.acti.Testcases.TestValidateLoginFromExcel@1a968a59]" name="tearDown" is-config="true" duration-ms="72" started-at="2018-09-05T14:53:35Z" finished-at="2018-09-05T14:53:35Z">
          <params>
            <param index="0">
              <value>
                <![CDATA[[TestResult name=testLoginFunctioanlity status=SUCCESS method=TestValidateLoginFromExcel.testLoginFunctioanlity(java.lang.String, java.lang.String)[pri:0, instance:com.acti.Testcases.TestValidateLoginFromExcel@1a968a59] output={null}]]]>
              </value>
            </param>
          </params>
          <reporter-output>
          </reporter-output>
        </test-method> <!-- tearDown -->
        <test-method status="PASS" signature="precondition()[pri:0, instance:com.acti.Testcases.TestValidateLoginFromExcel@1a968a59]" name="precondition" is-config="true" duration-ms="6579" started-at="2018-09-05T14:53:35Z" finished-at="2018-09-05T14:53:41Z">
          <reporter-output>
          </reporter-output>
        </test-method> <!-- precondition -->
        <test-method status="PASS" signature="testLoginFunctioanlity(java.lang.String, java.lang.String)[pri:0, instance:com.acti.Testcases.TestValidateLoginFromExcel@1a968a59]" name="testLoginFunctioanlity" duration-ms="3145" started-at="2018-09-05T14:53:41Z" data-provider="MSLogin" finished-at="2018-09-05T14:53:45Z">
          <params>
            <param index="0">
              <value>
                <![CDATA[dummytest@gmail.com]]>
              </value>
            </param>
            <param index="1">
              <value>
                <![CDATA[Pass@123]]>
              </value>
            </param>
          </params>
          <reporter-output>
          </reporter-output>
        </test-method> <!-- testLoginFunctioanlity -->
        <test-method status="PASS" signature="tearDown(org.testng.ITestResult)[pri:0, instance:com.acti.Testcases.TestValidateLoginFromExcel@1a968a59]" name="tearDown" is-config="true" duration-ms="48" started-at="2018-09-05T14:53:45Z" finished-at="2018-09-05T14:53:45Z">
          <params>
            <param index="0">
              <value>
                <![CDATA[[TestResult name=testLoginFunctioanlity status=SUCCESS method=TestValidateLoginFromExcel.testLoginFunctioanlity(java.lang.String, java.lang.String)[pri:0, instance:com.acti.Testcases.TestValidateLoginFromExcel@1a968a59] output={null}]]]>
              </value>
            </param>
          </params>
          <reporter-output>
          </reporter-output>
        </test-method> <!-- tearDown -->
      </class> <!-- com.acti.Testcases.TestValidateLoginFromExcel -->
      <class name="com.acti.Testcases.TestValidateLogin2">
        <test-method status="PASS" signature="precondition()[pri:0, instance:com.acti.Testcases.TestValidateLogin2@91161c7]" name="precondition" is-config="true" duration-ms="7794" started-at="2018-09-05T14:53:53Z" finished-at="2018-09-05T14:54:01Z">
          <reporter-output>
          </reporter-output>
        </test-method> <!-- precondition -->
        <test-method status="PASS" signature="testloginfuntionality()[pri:0, instance:com.acti.Testcases.TestValidateLogin2@91161c7]" name="testloginfuntionality" duration-ms="3460" started-at="2018-09-05T14:54:01Z" finished-at="2018-09-05T14:54:04Z">
          <reporter-output>
          </reporter-output>
        </test-method> <!-- testloginfuntionality -->
        <test-method status="PASS" signature="tearDown(org.testng.ITestResult)[pri:0, instance:com.acti.Testcases.TestValidateLogin2@91161c7]" name="tearDown" is-config="true" duration-ms="65" started-at="2018-09-05T14:54:04Z" finished-at="2018-09-05T14:54:04Z">
          <params>
            <param index="0">
              <value>
                <![CDATA[[TestResult name=testloginfuntionality status=SUCCESS method=TestValidateLogin2.testloginfuntionality()[pri:0, instance:com.acti.Testcases.TestValidateLogin2@91161c7] output={null}]]]>
              </value>
            </param>
          </params>
          <reporter-output>
          </reporter-output>
        </test-method> <!-- tearDown -->
      </class> <!-- com.acti.Testcases.TestValidateLogin2 -->
      <class name="com.acti.Testcases.TestAddProcuctToCart">
        <test-method status="PASS" signature="preCondition()[pri:0, instance:com.acti.Testcases.TestAddProcuctToCart@548e7350]" name="preCondition" is-config="true" duration-ms="7264" started-at="2018-09-05T14:54:04Z" finished-at="2018-09-05T14:54:12Z">
          <reporter-output>
          </reporter-output>
        </test-method> <!-- preCondition -->
        <test-method status="FAIL" signature="testAddProcuctToCartFunctionality()[pri:0, instance:com.acti.Testcases.TestAddProcuctToCart@548e7350]" name="testAddProcuctToCartFunctionality" duration-ms="5303" started-at="2018-09-05T14:54:12Z" finished-at="2018-09-05T14:54:17Z">
          <exception class="org.openqa.selenium.WebDriverException">
            <message>
              <![CDATA[Element is not clickable at point (609.5833129882812, 125.10000610351562). Other element would receive the click: <span></span>
Command duration or timeout: 83 milliseconds
Build info: version: '2.53.1', revision: 'a36b8b1cd5757287168e54b817830adce9b0158d', time: '2016-06-30 19:26:09'
System info: host: 'LAPTOP-2B3VV4RM', ip: '192.168.1.16', os.name: 'Windows 10', os.arch: 'amd64', os.version: '10.0', java.version: '1.8.0_181'
Driver info: org.openqa.selenium.firefox.FirefoxDriver
Capabilities [{applicationCacheEnabled=true, rotatable=false, handlesAlerts=true, databaseEnabled=true, version=46.0, platform=WINDOWS, nativeEvents=false, acceptSslCerts=true, webStorageEnabled=true, locationContextEnabled=true, browserName=firefox, takesScreenshot=true, javascriptEnabled=true, cssSelectorsEnabled=true}]
Session ID: a717cf38-db86-49ac-a4fc-b0542b959814]]>
            </message>
            <full-stacktrace>
              <![CDATA[org.openqa.selenium.WebDriverException: Element is not clickable at point (609.5833129882812, 125.10000610351562). Other element would receive the click: <span></span>
Command duration or timeout: 83 milliseconds
Build info: version: '2.53.1', revision: 'a36b8b1cd5757287168e54b817830adce9b0158d', time: '2016-06-30 19:26:09'
System info: host: 'LAPTOP-2B3VV4RM', ip: '192.168.1.16', os.name: 'Windows 10', os.arch: 'amd64', os.version: '10.0', java.version: '1.8.0_181'
Driver info: org.openqa.selenium.firefox.FirefoxDriver
Capabilities [{applicationCacheEnabled=true, rotatable=false, handlesAlerts=true, databaseEnabled=true, version=46.0, platform=WINDOWS, nativeEvents=false, acceptSslCerts=true, webStorageEnabled=true, locationContextEnabled=true, browserName=firefox, takesScreenshot=true, javascriptEnabled=true, cssSelectorsEnabled=true}]
Session ID: a717cf38-db86-49ac-a4fc-b0542b959814
	at sun.reflect.NativeConstructorAccessorImpl.newInstance0(Native Method)
	at sun.reflect.NativeConstructorAccessorImpl.newInstance(Unknown Source)
	at sun.reflect.DelegatingConstructorAccessorImpl.newInstance(Unknown Source)
	at java.lang.reflect.Constructor.newInstance(Unknown Source)
	at org.openqa.selenium.remote.ErrorHandler.createThrowable(ErrorHandler.java:206)
	at org.openqa.selenium.remote.ErrorHandler.throwIfResponseFailed(ErrorHandler.java:158)
	at org.openqa.selenium.remote.RemoteWebDriver.execute(RemoteWebDriver.java:678)
	at org.openqa.selenium.remote.RemoteWebElement.execute(RemoteWebElement.java:327)
	at org.openqa.selenium.remote.RemoteWebElement.click(RemoteWebElement.java:85)
	at sun.reflect.NativeMethodAccessorImpl.invoke0(Native Method)
	at sun.reflect.NativeMethodAccessorImpl.invoke(Unknown Source)
	at sun.reflect.DelegatingMethodAccessorImpl.invoke(Unknown Source)
	at java.lang.reflect.Method.invoke(Unknown Source)
	at org.openqa.selenium.support.pagefactory.internal.LocatingElementHandler.invoke(LocatingElementHandler.java:51)
	at com.sun.proxy.$Proxy8.click(Unknown Source)
	at com.ms.Pages.TshirtsPage.AddToCart(TshirtsPage.java:26)
	at com.acti.Testcases.TestAddProcuctToCart.testAddProcuctToCartFunctionality(TestAddProcuctToCart.java:49)
	at sun.reflect.NativeMethodAccessorImpl.invoke0(Native Method)
	at sun.reflect.NativeMethodAccessorImpl.invoke(Unknown Source)
	at sun.reflect.DelegatingMethodAccessorImpl.invoke(Unknown Source)
	at java.lang.reflect.Method.invoke(Unknown Source)
	at org.testng.internal.MethodInvocationHelper.invokeMethod(MethodInvocationHelper.java:85)
	at org.testng.internal.Invoker.invokeMethod(Invoker.java:659)
	at org.testng.internal.Invoker.invokeTestMethod(Invoker.java:845)
	at org.testng.internal.Invoker.invokeTestMethods(Invoker.java:1153)
	at org.testng.internal.TestMethodWorker.invokeTestMethods(TestMethodWorker.java:125)
	at org.testng.internal.TestMethodWorker.run(TestMethodWorker.java:108)
	at org.testng.TestRunner.privateRun(TestRunner.java:771)
	at org.testng.TestRunner.run(TestRunner.java:621)
	at org.testng.SuiteRunner.runTest(SuiteRunner.java:357)
	at org.testng.SuiteRunner.runSequentially(SuiteRunner.java:352)
	at org.testng.SuiteRunner.privateRun(SuiteRunner.java:310)
	at org.testng.SuiteRunner.run(SuiteRunner.java:259)
	at org.testng.SuiteRunnerWorker.runSuite(SuiteRunnerWorker.java:52)
	at org.testng.SuiteRunnerWorker.run(SuiteRunnerWorker.java:86)
	at org.testng.TestNG.runSuitesSequentially(TestNG.java:1199)
	at org.testng.TestNG.runSuitesLocally(TestNG.java:1124)
	at org.testng.TestNG.run(TestNG.java:1032)
	at org.testng.remote.AbstractRemoteTestNG.run(AbstractRemoteTestNG.java:114)
	at org.testng.remote.RemoteTestNG.initAndRun(RemoteTestNG.java:251)
	at org.testng.remote.RemoteTestNG.main(RemoteTestNG.java:77)
]]>
            </full-stacktrace>
          </exception> <!-- org.openqa.selenium.WebDriverException -->
          <reporter-output>
          </reporter-output>
        </test-method> <!-- testAddProcuctToCartFunctionality -->
        <test-method status="PASS" signature="tearDown()[pri:0, instance:com.acti.Testcases.TestAddProcuctToCart@548e7350]" name="tearDown" is-config="true" duration-ms="118" started-at="2018-09-05T14:54:17Z" finished-at="2018-09-05T14:54:17Z">
          <reporter-output>
          </reporter-output>
        </test-method> <!-- tearDown -->
      </class> <!-- com.acti.Testcases.TestAddProcuctToCart -->
      <class name="com.acti.Testcases.TestHomePage">
        <test-method status="PASS" signature="precondition()[pri:0, instance:com.acti.Testcases.TestHomePage@5442a311]" name="precondition" is-config="true" duration-ms="6686" started-at="2018-09-05T14:53:45Z" finished-at="2018-09-05T14:53:51Z">
          <reporter-output>
          </reporter-output>
        </test-method> <!-- precondition -->
        <test-method status="PASS" signature="testverifyHomepageElements()[pri:0, instance:com.acti.Testcases.TestHomePage@5442a311]" name="testverifyHomepageElements" duration-ms="1607" started-at="2018-09-05T14:53:51Z" finished-at="2018-09-05T14:53:53Z">
          <reporter-output>
          </reporter-output>
        </test-method> <!-- testverifyHomepageElements -->
        <test-method status="PASS" signature="tearDown(org.testng.ITestResult)[pri:0, instance:com.acti.Testcases.TestHomePage@5442a311]" name="tearDown" is-config="true" duration-ms="69" started-at="2018-09-05T14:53:53Z" finished-at="2018-09-05T14:53:53Z">
          <params>
            <param index="0">
              <value>
                <![CDATA[[TestResult name=testverifyHomepageElements status=SUCCESS method=TestHomePage.testverifyHomepageElements()[pri:0, instance:com.acti.Testcases.TestHomePage@5442a311] output={null}]]]>
              </value>
            </param>
          </params>
          <reporter-output>
          </reporter-output>
        </test-method> <!-- tearDown -->
      </class> <!-- com.acti.Testcases.TestHomePage -->
      <class name="com.acti.Testcases.TestValidateLogin">
        <test-method status="PASS" signature="precondition()[pri:0, instance:com.acti.Testcases.TestValidateLogin@343f4d3d]" name="precondition" is-config="true" duration-ms="6684" started-at="2018-09-05T14:54:17Z" finished-at="2018-09-05T14:54:24Z">
          <reporter-output>
          </reporter-output>
        </test-method> <!-- precondition -->
        <test-method status="PASS" signature="testloginfuntionality()[pri:0, instance:com.acti.Testcases.TestValidateLogin@343f4d3d]" name="testloginfuntionality" duration-ms="2037" started-at="2018-09-05T14:54:24Z" finished-at="2018-09-05T14:54:26Z">
          <reporter-output>
          </reporter-output>
        </test-method> <!-- testloginfuntionality -->
        <test-method status="PASS" signature="tearDown(org.testng.ITestResult)[pri:0, instance:com.acti.Testcases.TestValidateLogin@343f4d3d]" name="tearDown" is-config="true" duration-ms="68" started-at="2018-09-05T14:54:26Z" finished-at="2018-09-05T14:54:26Z">
          <params>
            <param index="0">
              <value>
                <![CDATA[[TestResult name=testloginfuntionality status=SUCCESS method=TestValidateLogin.testloginfuntionality()[pri:0, instance:com.acti.Testcases.TestValidateLogin@343f4d3d] output={null}]]]>
              </value>
            </param>
          </params>
          <reporter-output>
          </reporter-output>
        </test-method> <!-- tearDown -->
      </class> <!-- com.acti.Testcases.TestValidateLogin -->
    </test> <!-- Test -->
  </suite> <!-- Suite -->
</testng-results>
